rand 0.40039356218228206
rand 0.7388460113747397
rand 0.44723363679208417
rand 0.8576202489594196
rand 0.4565929011804857
rand 0.1963921325092528
rand 0.9772632999962143
rand 0.8921660390036981
rand 0.1765966655155775
rand 0.060271832269926495
rand 0.8722444759113246
rand 0.18678498266646426
rand 0.7627971413833032
rand 0.441083027277563
rand 0.22038156342530257
rand 0.1633718466958145
rand 0.6353437542524771
rand 0.19832929675373556
rand 0.49765729113717283
rand 0.18847590573580386
rand 0.28509915231170546
rand 0.8892873057263819
rand 0.3536775046356502
rand 0.01055261286274689
rand 0.037554540504119105
rand 0.29919854165743787
rand 0.7079904006015123
rand 0.384551120847509
rand 0.5676750271166489
rand 0.9341582190360227
rand 0.183645405552888
rand 0.37594063584829307
rand 0.9675990010335984
rand 0.007319878013340109
rand 0.7680707214368925
rand 0.6873431701863315
rand 0.2613381341558023
rand 0.7926335520911061
rand 0.562855374115373
rand 0.882031408694504
rand 0.08499388587658063
rand 0.683895272721877
rand 0.5201498567935037
rand 0.9630405738472396
rand 0.6641180336642065
rand 0.057945170612816455
rand 0.7373941056781865
rand 0.08396716761880163
rand 0.5881854589825213
rand 0.24451061965001197
rand 0.15802449011143005
rand 0.1588052801290123
rand 0.6618375376512111
rand 0.21888348169459393
rand 0.9589021672077558
rand 0.021095011420120047
rand 0.4976424646918096
rand 0.1383541046672372
rand 0.5464328340848967
rand 0.6296223446962828
rand 0.2686226880351381
rand 0.49063045924979387
rand 0.9595358134133587
rand 0.30445239217991826
rand 0.21594300710883818
rand 0.0340205468271737
rand 0.5675922253581034
rand 0.6371903693772074
rand 0.04776659533881622
rand 0.3168423167521892
rand 0.03174809600471673
rand 0.3645062467191149
rand 0.3475289407787021
rand 0.7749538141156145
rand 0.3694301545733749
rand 0.20891304944729816
rand 0.7043040840159918
rand 0.40782605545450323
rand 0.6506208752497611
rand 0.366537997145026
rand 0.9400796945903129
rand 0.5657713700389719
rand 0.13991239838293934
rand 0.7035369906160545
rand 0.8717316728503435
rand 0.40412843798922293
rand 0.24578577592676032
rand 0.3327291070940517
rand 0.6620725108001393
rand 0.9460177489062254
rand 0.21149676175109855
rand 0.7195941788335047
rand 0.9815111706700741
rand 0.8481941941725113
rand 0.5130023514850535
rand 0.19347899218091213
rand 0.7014262682118679
rand 0.36178277365059075
rand 0.8537053118952702
rand 0.09946627887161563
rand 0.4594525948127721
rand 0.8813301983588895
rand 0.7222569197873132
rand 0.4939285698514595
rand 0.45816692144899296
rand 0.29783895939066074
rand 0.3218874237835192
rand 0.04776180646521233
rand 0.8406421585993142
rand 0.9603703240081021
rand 0.7779415723811935
rand 0.16201378196340177
rand 0.9033737225061513
rand 0.39402874321474934
rand 0.5182186398690944
rand 0.7419484097168831
rand 0.015000370590557921
rand 0.14975185340376318
rand 0.09606721861744871
rand 0.8810704794235957
rand 0.08454298076491296
rand 0.17738543136526452
rand 0.3449092360794932
rand 0.1220843095252997
rand 0.13338272514817606
rand 0.14746941283582204
rand 0.5682569251450371
rand 0.32989619709689055
rand 0.4954210857598078
rand 0.792809564441411
rand 0.21935517154913153
rand 0.40636618194886864
rand 0.08346858876426677
rand 0.3281040408895797
rand 0.10638229437506053
rand 0.5655574612556307
rand 0.7852831198753472
rand 0.8949852869225381
rand 0.2651707455365586
rand 0.5298882878149309
rand 0.7414543002585703
rand 0.9816891854404031
rand 0.1569085636492873
rand 0.7264167566659707
rand 0.7204649642471181
rand 0.28454199867275753
rand 0.41861219497066093
rand 0.12963771951481995
rand 0.6823799483055235
rand 0.4289089303115212
rand 0.6113576143925816
rand 0.7622502084991225
rand 0.5494003086467572
rand 0.3842045282303166
rand 0.20277307792069
rand 0.05711023471164034
rand 0.2692398399136755
rand 0.37395728649004867
rand 0.5862285556583122
rand 0.61746136458748
rand 0.007991914654038368
rand 0.28827116910245176
rand 0.8697229127318264
rand 0.7664597422644137
rand 0.9267866573381063
rand 0.5695082809471097
rand 0.5976598139580829
rand 0.23591473171766042
rand 0.6098238497396224
rand 0.9441686057486622
rand 0.22554461103048995
rand 0.26159734043208305
rand 0.961521929776048
rand 0.9961527939263048
rand 0.5673574917523188
rand 0.6133853137642935
rand 0.474511081936825
rand 0.5219072559350189
rand 0.47310227434989427
rand 0.41244644907582084
rand 0.4951191462078315
rand 0.4624867891901978
rand 0.542872966434667
rand 0.10778735906157788
rand 0.3826148438329937
rand 0.12346749286977698
rand 0.4774673005229606
rand 0.9702487726514675
rand 0.6516764334181773
rand 0.7070654536154266
rand 0.2348479255025353
rand 0.2186963254953045
rand 0.8171554556659413
rand 0.028045071951712686
rand 0.6397576880911819
rand 0.5713459507846244
rand 0.9532546724894211
rand 0.6979716815507353
rand 0.25827408056711443
rand 0.022680635327731125
rand 0.9101529937175834
rand 0.08949196145326166
rand 0.588422108771876
rand 0.8661126335863087
rand 0.21376055368907854
rand 0.8413656039106576
rand 0.13734957713241047
rand 0.2717754476934906
rand 0.4453947640705813
rand 0.0499376335044055
rand 0.43787742351799697
rand 0.710402463120513
rand 0.821376215436483
rand 0.942601274159155
rand 0.0596074072120194
rand 0.999453664670813
rand 0.9684296881116987
rand 0.44988697539701294
rand 0.617592466460342
rand 0.8293994932367925
rand 0.030856883937458557
rand 0.20244203526623705
rand 0.4235165530673155
rand 0.17774921014005196
rand 0.05028585214452752
rand 0.6404513729139567
rand 0.9451008284693259
rand 0.2671840295092427
rand 0.0008942734835750699
rand 0.7191951257441258
rand 0.30231964088168617
rand 0.9235147354537967
rand 0.11663505287330689
rand 0.3378078526772501
rand 0.5242420200188775
rand 0.23053287495429942
rand 0.22281748253276001
rand 0.4254026929439976
rand 0.6396897985528001
rand 0.2915493871680148
rand 0.42913550358918884
rand 0.06823113097678246
rand 0.7611161165204143
rand 0.5076872493823026
rand 0.12867014290518353
rand 0.8244572216803763
rand 0.2647934780522869
rand 0.7825779135190434
rand 0.5897879737360232
rand 0.9561186630439853
rand 0.9248823593321682
rand 0.9939515471682066
rand 0.7301734277755321
rand 0.43018569552756003
rand 0.14799844528773032
rand 0.07708553619223513
rand 0.9026682968641699
rand 0.33234631716342733
rand 0.5155221456534098
rand 0.4459220938342663
rand 0.8849985689476936
rand 0.0876219900212194
rand 0.18970248309969984
rand 0.009456651557923967
rand 0.30628520090836453
rand 0.9070772697257745
rand 0.8206158225897318
rand 0.463703310380027
rand 0.3389539655242959
rand 0.5670363536805083
rand 0.6284953835594649
rand 0.18453742514538862
rand 0.4203529228774616
rand 0.29582632291297006
rand 0.9068759419286341
rand 0.5703507892623072
rand 0.3665489144579832
rand 0.20232009707248833
rand 0.17702511106593155
rand 0.32363299106356624
rand 0.8106520995766193
rand 0.8840499515903246
rand 0.19794024503037688
rand 0.7602671470332933
rand 0.38823730658456435
rand 0.652939322819321
rand 0.7480898479811899
rand 0.6767818582671332
rand 0.5187066300036347
rand 0.4840181257476246
rand 0.11265312319986087
rand 0.756579595882227
rand 0.1148475111097973
rand 0.11175748721481082
rand 0.3070799482053159
rand 0.922493784761723
rand 0.804525784801515
rand 0.5614121772328966
rand 0.5021893692947472
rand 0.7796474437367418
rand 0.7978504352036901
rand 0.3653150006072805
rand 0.10426790036513278
rand 0.5560569509063504
rand 0.5530854582315987
rand 0.23415222403100744
rand 0.9705837136681614
rand 0.6394521446091646
rand 0.5117488916927906
rand 0.7970641761761414
rand 0.13303308794967705
rand 0.0802009080260715
rand 0.8801172784464608
rand 0.35692902589039366
rand 0.9416251532364546
rand 0.9288515185917867
rand 0.9701951614585307
rand 0.02727783630717484
rand 0.815109989632055
rand 0.7946890728207403
rand 0.4555830664766616
rand 0.5179014206367953
rand 0.633774676380775
rand 0.9499782126438876
rand 0.9576806594348921
rand 0.18113567320257218
rand 0.6215467771575769
rand 0.5171391019252538
rand 0.563938086446288
rand 0.7319275957462714
rand 0.5222067454285957
rand 0.8944490971231212
rand 0.9868907471848534
rand 0.5506988263893482
rand 0.26261284360389303
rand 0.12024185854588931
rand 0.5507544060467395
rand 0.08415192725922926
rand 0.2498944581268414
rand 0.9872703360420363
rand 0.990352183004596
rand 0.6094071405097756
rand 0.8786253339640426
rand 0.6693957856372765
rand 0.9279157697380076
rand 0.14185659705062958
rand 0.12113354674086985
rand 0.9588782555278736
rand 0.18407592428500208
rand 0.8822975436792102
rand 0.7831704647913018
rand 0.4035992989988699
rand 0.1650647546310613
rand 0.7121447303158908
rand 0.5096870802593039
rand 0.43590549921348476
rand 0.8459586154159668
rand 0.270452969814887
rand 0.21144255043610438
rand 0.2497809291469626
rand 0.13766731830869694
rand 0.8901461359039142
rand 0.4526208280588164
rand 0.12136692515883496
rand 0.6245534360307372
rand 0.618110313457511
rand 0.9844009866345893
rand 0.9231397576788536
rand 0.4130220980887884
rand 0.8108992923487901
rand 0.08989390041064471
rand 0.4038010536673706
rand 0.30241611470379093
rand 0.749481151770504
rand 0.04097461365004884
rand 0.13620586297208437
rand 0.9067603054032318
rand 0.49226209008262245
rand 0.13976868516005347
rand 0.3231815171878547
rand 0.29700437069486174
rand 0.13382294632591618
rand 0.826493709288814
rand 0.2952487143961424
rand 0.7209007418121363
rand 0.3890804668848187
rand 0.02252112274738005
rand 0.4101501771485765
rand 0.1682978003114901
rand 0.20011239536821912
rand 0.9131425553582173
rand 0.24240003756976258
rand 0.7002393475501167
rand 0.34358618907943295
rand 0.5754726491395548
rand 0.8152269218512274
rand 0.7446962582268026
rand 0.7308455505669353
rand 0.6033162622738188
rand 0.4648856326983879
rand 0.8340144422579616
rand 0.2363994857436933
rand 0.21921739778827298
rand 0.675492722757735
rand 0.27212045404726126
rand 0.36963101844036683
rand 0.3374013068795403
rand 0.7228328818243523
rand 0.8583766468411231
rand 0.790454466328876
rand 0.8778865269133014
rand 0.9626444413040236
rand 0.5617079255733459
rand 0.17498938247431406
rand 0.03496726413824014
rand 0.8247063118622437
rand 0.5696146833911933
rand 0.9667349707859167
rand 0.6440161180066402
rand 0.6624944183220043
rand 0.10072685245220336
rand 0.9549888689843546
rand 0.8056981730939015
rand 0.7120066343306275
rand 0.7356534918505486
rand 0.988369460712607
rand 0.2977547708133479
rand 0.910137218312171
rand 0.35038661838522267
rand 0.9585031588430968
rand 0.7311532609129687
rand 0.508173918517302
rand 0.5858522265935329
rand 0.42423063305555697
rand 0.13188288763085643
rand 0.25480294804505355
rand 0.7626643943442453
rand 0.10611100177160426
rand 0.38325378021438206
rand 0.18988314721160515
rand 0.13058500920107208
rand 0.6569789321472963
rand 0.35002074430565755
rand 0.8497623392600977
rand 0.5169981738023193
rand 0.2016000069267554
rand 0.26981651170191046
rand 0.9380423457715734
rand 0.35154384174992326
rand 0.23500079834967802
rand 0.5777950241420686
rand 0.22396690705305478
rand 0.32604515263004696
rand 0.822766389935514
rand 0.4109117877208315
rand 0.9254331996057761
rand 0.4871464937119778
rand 0.34203490979280726
rand 0.6409789990523145
rand 0.9321779148811322
rand 0.4214008009672341
rand 0.9734018428485187
rand 0.1978121550994889
rand 0.03655824194818513
rand 0.448558722238116
rand 0.27226045645828867
rand 0.32906513072502386
rand 0.4690281644533536
rand 0.61641546426625
rand 0.8085932932460136
rand 0.3636463946410835
rand 0.35940978672096113
rand 0.39187471813840924
rand 0.6475686568677641
rand 0.04795560884003103
rand 0.505777497301382
rand 0.8016937077190529
rand 0.2674112358151377
rand 0.8071719742952912
rand 0.5288618866852193
rand 0.5536728820225807
rand 0.5512512362333255
rand 0.12124766393636421
rand 0.7851783461335382
rand 0.832839252077944
rand 0.44454448575585737
rand 0.026818231745920462
rand 0.5898139336751869
rand 0.10183662650930803
rand 0.2961084577882016
rand 0.7750396242861604
rand 0.1859654943656679
rand 0.3397651608270129
rand 0.19943038114493583
rand 0.2752895520795089
rand 0.9009546729802433
rand 0.7074347835872821
rand 0.9065644422848289
rand 0.40463915215634616
rand 0.3143286555812592
rand 0.8794574545567961
rand 0.020296776845014408
rand 0.8971322782966864
rand 0.26786323079888286
rand 0.2279681690935642
rand 0.7059916008535261
rand 0.03783828359201591
rand 0.6030755226810125
rand 0.08842939391601257
rand 0.2142909439787979
rand 0.36379998798910185
rand 0.3728394752986761
rand 0.1081498893358912
rand 0.8602762636349945
rand 0.8134703746388638
rand 0.8961967124663166
rand 0.39455310270530064
rand 0.22363397161115128
rand 0.8927802707993104
rand 0.6165679991720789
rand 0.7232417764539247
rand 0.8994776917188632
rand 0.5634808312790658
rand 0.3274581608422653
rand 0.8313125480281949
rand 0.9078840536239954
rand 0.47429052266116467
rand 0.7059611257747811
rand 0.9402154969926959
rand 0.4217829927546455
rand 0.7192228004982997
rand 0.6860169751919558
rand 0.5891748076902581
rand 0.9524433364161446
rand 0.05104546625461359
rand 0.02913570111391417
rand 0.48115687877204705
rand 0.5723202148726256
rand 0.6681598735203329
rand 0.8988585321142042
rand 0.36452866358552893
rand 0.7509585001768844
rand 0.23260481976583303
rand 0.0862320576090787
rand 0.3818496821190873
rand 0.7109945722917046
rand 0.49398227488324764
rand 0.5775572488429095
rand 0.7684838963114036
rand 0.1996381750700611
rand 0.16583035785061617
rand 0.3735334011567577
rand 0.6168062575361546
rand 0.6555362221146803
rand 0.824259985799628
rand 0.8301102669532412
rand 0.03163612615371014
rand 0.03912125090007179
rand 0.6162493973244203
rand 0.36907789564239657
rand 0.06362567280441134
rand 0.7002757775904116
rand 0.9688264555476511
rand 0.5996342686735505
rand 0.4229093854216466
rand 0.22412321559786252
rand 0.8314082035593067
rand 0.5101182978258028
rand 0.05878083095807374
rand 0.7807734359446115
rand 0.6305752291837243
rand 0.5693883855400994
rand 0.5587513147116012
rand 0.40845018175789405
rand 0.8287163021683464
rand 0.9626252999736553
rand 0.48819999889328947
rand 0.7869567648924685
rand 0.057316151977466756
rand 0.4581062433420182
rand 0.5033205725259651
rand 0.6596606211970819
rand 0.05556692473998592
rand 0.498907071243893
rand 0.6760713889139438
rand 0.6772482990255748
rand 0.8893147575891374
rand 0.3403573156893622
rand 0.06203481341493111
rand 0.3811934261282439
rand 0.2476743837246893
rand 0.7524587653233439
rand 0.3595774936467182
rand 0.34888837020224406
rand 0.009882572969803993
rand 0.7803966533959632
rand 0.5106816626863744
rand 0.7926871253179271
rand 0.8960851045348108
rand 0.8271197062973972
rand 0.2376370476815446
rand 0.25125893169231284
rand 0.6810165433279189
rand 0.06766831844170551
rand 0.9468406799166278
rand 0.1808143618968312
rand 0.4095537313061359
rand 0.02319196029305548
rand 0.3047827646103314
rand 0.79251951027888
rand 0.9182775541863737
rand 0.06676199328276389
rand 0.0604997824411293
rand 0.9338121346190273
rand 0.8123033267944089
rand 0.5423993664588567
rand 0.687767858253411
rand 0.5741769858695749
rand 0.5088794979550546
rand 0.2925194922611982
rand 0.3525410382556413
rand 0.10425711147081351
rand 0.18222813975826258
rand 0.44238320241496076
rand 0.1397683006388437
rand 0.8618921703364473
rand 0.36343987398361666
rand 0.061299151798490215
rand 0.5054169687646253
rand 0.6458783352468602
rand 0.2927380124087555
rand 0.5637689232752883
rand 0.3726707127734439
rand 0.6289239442944465
rand 0.9905258435557356
rand 0.12508386214791978
rand 0.8562676937478257
rand 0.8978761578517362
rand 0.5085708782403771
rand 0.6230437721051016
rand 0.2833712030978923
rand 0.9550797181328481
rand 0.39746616491732434
rand 0.6114268367063975
rand 0.8179470487569451
rand 0.11121062264084114
rand 0.8209384825128598
rand 0.44342538706677437
rand 0.9092409961904202
rand 0.4396320478038165
rand 0.21597643896127838
rand 0.06860868182042013
rand 0.5384740452337962
rand 0.11846941994274807
rand 0.59082245864013
rand 0.8962857035923653
rand 0.4691598462672737
rand 0.9426351097515686
rand 0.15721221336047408
rand 0.5249135936889473
rand 0.032680946406143496
rand 0.29778358434617336
rand 0.8912840635991846
rand 0.1044138309847793
rand 0.9536360552027465
rand 0.38429862865212594
rand 0.4166172728423432
rand 0.7632643932652672
rand 0.7636880177369421
rand 0.999601363673001
rand 0.9730775083868697
rand 0.7459101341913783
rand 0.9831713123009134
rand 0.20031624567699047
rand 0.5103897202615388
rand 0.9984771378574364
rand 0.09947328468114147
rand 0.8766346008059511
rand 0.06544469756172777
rand 0.14248047248516205
rand 0.5524679095687002
rand 0.8921395900907136
rand 0.898024863056053
rand 0.5486103957337916
rand 0.783293799061622
rand 0.5266164253193719
rand 0.3012015834939332
rand 0.5902692511742684
rand 0.8774915014570006
rand 0.8956741778865054
rand 0.9239909543594413
rand 0.028150923063877453
rand 0.5088658826338186
rand 0.5685237743808391
rand 0.5134283978255503
rand 0.12186372921986988
rand 0.8738863784623703
rand 0.20789038657198233
rand 0.6400235040776514
rand 0.22414012975364606
rand 0.146120279943303
rand 0.8606828154818775
rand 0.4518496443370257
rand 0.39754483580502775
rand 0.25717514048971624
rand 0.9568314921650094
rand 0.936700267220874
rand 0.06965470822904929
rand 0.9152518605460465
rand 0.3551072634020651
rand 0.590312737846669
rand 0.4681899222448367
rand 0.5844455311812429
rand 0.5229150539248644
rand 0.4508893951689208
rand 0.4849275995892579
rand 0.050211669680496174
rand 0.816883043330763
rand 0.5400964429249997
rand 0.8094913458444586
rand 0.8574575926093373
rand 0.08509802885318485
rand 0.7720986660034301
rand 0.27075047287360987
rand 0.13191135280627075
rand 0.29976024116003286
rand 0.3721729750967302
rand 0.3067758518508965
rand 0.8142765470438722
rand 0.4059766498738462
rand 0.5986843327287088
rand 0.25155219379066995
rand 0.8678146633604886
rand 0.27361367283339044
rand 0.04834813822951789
rand 0.3660153261590402
rand 0.9680563984457442
rand 0.3924784427954928
rand 0.3491343012054282
rand 0.4553435191206745
rand 0.7472421614128049
rand 0.19601511673733896
rand 0.7053823740989038
rand 0.2881058228612503
rand 0.9540779634493735
rand 0.6129031335446984
rand 0.6600104273221177
rand 0.5351402447261122
rand 0.029622215598923862
rand 0.6887100036923
rand 0.7123295075753044
rand 0.8137789770401365
rand 0.3088358831719715
rand 0.16537913169674678
rand 0.0203974695784932
rand 0.7978695496853436
rand 0.7298448624470766
rand 0.3384074122729146
rand 0.7573647711326204
rand 0.908268153564673
rand 0.4867190523061744
rand 0.08726757871543533
rand 0.9066931618500276
rand 0.2763948107814287
rand 0.4017860628807781
rand 0.6515397461223811
rand 0.3488403080805649
rand 0.8796581172936144
rand 0.8783086172341776
rand 0.06062564353438327
rand 0.28652079683688214
rand 0.533267713312598
rand 0.8824699074989037
rand 0.4468078739291981
rand 0.23002763530680403
rand 0.22640674629106017
rand 0.5318567208907945
rand 0.6233329988327894
rand 0.6013709969238026
rand 0.678892215558001
rand 0.8420640098211842
rand 0.9020285143943361
rand 0.6530566915543496
rand 0.5754177358673862
rand 0.9722699879323429
rand 0.5086543455820589
rand 0.5396329094452943
rand 0.27657500602038354
rand 0.6855185495637517
rand 0.2889030726041988
rand 0.2810688770841492
rand 0.7716343158544454
rand 0.5936238866016761
rand 0.6344861910109305
rand 0.8226138237166145
rand 0.4208710320625806
rand 0.8666921132083993
rand 0.17825956445367397
rand 0.4031921137539234
rand 0.18289523026021115
rand 0.08034758151221144
rand 0.8499860632494074
rand 0.7420545150492412
rand 0.4417452912201516
rand 0.9713323359759072
rand 0.5558972395666093
rand 0.6439138437595386
rand 0.07771065527785992
rand 0.4955793367358001
rand 0.5595623115184383
rand 0.028569932417805477
rand 0.24958273374751228
rand 0.8389866270357731
rand 0.10375677965349395
rand 0.27899510187172205
rand 0.6213315440915008
rand 0.22405038830877722
rand 0.8297764594765447
rand 0.9582371825674281
rand 0.5377829859772245
rand 0.7265323126286398
rand 0.2758540468283157
rand 0.955634003396503
rand 0.561794190630903
rand 0.4607158966911691
rand 0.7071082960568869
rand 0.9254436698355912
rand 0.5015600740643842
rand 0.4514467861116578
rand 0.9915127820123106
rand 0.7948891246857221
rand 0.9783377409228138
rand 0.7743736027975421
rand 0.8048099509928934
rand 0.8023547852977013
rand 0.13463057628585884
rand 0.7673493825737701
rand 0.5643547133074363
rand 0.4519789403934795
rand 0.7207646795014988
rand 0.5439497532511537
rand 0.6300352302162566
rand 0.11583104342339023
rand 0.8265196604051246
rand 0.6180650368482163
rand 0.591674548967754
rand 0.5724987516900528
rand 0.8116368997140297
rand 0.534462789820364
rand 0.5526036966524401
rand 0.6183068286277089
rand 0.6366313331608955
rand 0.08231749089056306
rand 0.7851991052340439
rand 0.7518547905673121
rand 0.5697761292824273
rand 0.240210226204149
rand 0.18485719148913438
rand 0.07382929361998514
rand 0.3566120150467573
rand 0.9561155724501265
rand 0.7223186601780069
rand 0.5839837609488459
rand 0.8428617689420044
rand 0.7244327048801356
rand 0.9432864933235996
rand 0.5865969500232586
rand 0.8136742967704462
rand 0.8749963760349351
rand 0.794945689010534
rand 0.045524969627426026
rand 0.9090317676603372
rand 0.8569889331449307
rand 0.3557702790825854
rand 0.3651898936608915
rand 0.0022605690081878294
rand 0.3043296411662011
rand 0.26864040350678353
rand 0.8257911029688572
rand 0.5554142117280096
rand 0.4302608014206113
rand 0.020172821882237457
rand 0.9442020183061366
rand 0.8168916876940724
rand 0.5550237515689123
rand 0.9393875223800443
rand 0.1949618232984105
rand 0.6611701738159312
rand 0.6257760788319491
rand 0.0230521022278094
rand 0.3706086851671375
rand 0.8835057882457209
rand 0.36843226971648657
rand 0.0681711049092808
rand 0.4875291827714492
rand 0.1777057949276004
rand 0.11251669690169774
rand 0.10109481006307908
rand 0.3190792000451923
rand 0.3315053119219571
rand 0.1710063436579814
rand 0.04837148798235802
rand 0.31130652505973244
rand 0.9297235821461993
rand 0.4189897528579889
rand 0.5567853505663889
rand 0.30098338833857996
rand 0.6865989473895999
rand 0.2696816510295401
rand 0.8158211978533569
rand 0.623400096910927
rand 0.43439282499269627
rand 0.9554655571598976
rand 0.6967945293515068
rand 0.3670112020555878
rand 0.48349423162905625
rand 0.645799578810007
rand 0.9804361036093141
rand 0.24579887150730695
rand 0.32225890012089753
rand 0.7972806247589754
rand 0.3513565992904324
rand 0.1182833368358105
rand 0.7004091688348855
rand 0.6408604425503928
rand 0.9460953350393007
rand 0.2716425749064715
rand 0.9959444148980672
rand 0.9579023487260916
rand 0.6109456530135373
rand 0.7940287152791432
rand 0.534559234968444
rand 0.8188133919616702
rand 0.8078983535949584
rand 0.3905658110520376
rand 0.9722110432575728
rand 0.47934971826936223
rand 0.336172560396093
rand 0.9858213443786887
rand 0.33820593206714644
rand 0.04845674646932974
rand 0.6387923925445322
rand 0.5164514984175042
rand 0.7438997746247324
rand 0.26852077198377744
rand 0.02835798150041491
rand 0.7100542738217901
rand 0.983811889482552
rand 0.2897140999404417
rand 0.04354116079860404
rand 0.2318530652367985
rand 0.41840366804469653
rand 0.092980537351671
rand 0.06934612107857085
rand 0.7749633493054149
rand 0.00487790564616164
rand 0.2901145876835656
rand 0.2086364617903902
rand 0.4022567392525096
rand 0.22540872271785717
rand 0.8853824247242363
rand 0.5433365972359827
rand 0.054566668478112534
rand 0.3052435856156801
rand 0.5220914811280661
rand 0.16533921743477875
rand 0.734689006524843
rand 0.4088714117765382
rand 0.09071669146578709
rand 0.7087892046583031
rand 0.23706848871884834
rand 0.1528294900711067
rand 0.7967184560163794
rand 0.7130741301918422
rand 0.49973082663172974
rand 0.13016055905619184
rand 0.3862792534627244
rand 0.8317930210637545
rand 0.24964792001247438
rand 0.1427067292690234
rand 0.2591474471700046
rand 0.11958306667631735
rand 0.1334509248308311
rand 0.6612966759122076
rand 0.07847376142664642
rand 0.5773154714093698
rand 0.1197224378016386
rand 0.040903511959547334
rand 0.7883866862634499
rand 0.8265587166864168
rand 0.8002431199826754
rand 0.06402672041781443
rand 0.22520219027866606
rand 0.34303980976204507
rand 0.8548588402038422
rand 0.8504728473228875
rand 0.9612072657059632
rand 0.9034603577456524
rand 0.13384499545488304
rand 0.2696712613174588
rand 0.8834237481400737
rand 0.0372950652042261
rand 0.9559567119536447
rand 0.4153459777041697
rand 0.29013464817312107
rand 0.30861239837297383
rand 0.2554338295656555
rand 0.43362324004702435
rand 0.4714608596774339
rand 0.34599033702874626
rand 0.8785047236720351
rand 0.012127486723161995
rand 0.11070454104667915
rand 0.8429388741627741
rand 0.9512621425537438
rand 0.5993903564495504
rand 0.3803887421187415
rand 0.03773235609721293
rand 0.6678200672605361
rand 0.3291034657138143
rand 0.09011422547263903
rand 0.3947115123052629
rand 0.8314518512931368
rand 0.7448573184655611
rand 0.5551377064329315
rand 0.05309309482511648
rand 0.6978838672562713
rand 0.35849414997412254
rand 0.21777568696154992
rand 0.23194889323956724
rand 0.1643079699446517
rand 0.5138079612405977
rand 0.4035199651657144
rand 0.015183914057353087
rand 0.06590204892703544
rand 0.49506407114937456
rand 0.27098431216561836
rand 0.006043222935993908
rand 0.9011662762527595
rand 0.18730900101548542
rand 0.5125795949600225
rand 0.32733035041142045
rand 0.21970521323499392
rand 0.28802861379786004
rand 0.3405418576137367
rand 0.3969838000799344
rand 0.6555572251672486
rand 0.006501408221661231
rand 0.7083294480940885
rand 0.07604022674788324
rand 0.4784223867390818
rand 0.08633559899429999
rand 0.31249953974516975
rand 0.13537686844538155
rand 0.10884016311901923
rand 0.553824032052104
rand 0.5632312326710904
rand 0.10866439632427016
rand 0.16266329696107618
rand 0.36909120345439295
rand 0.5433430656561569
rand 0.771264560560152
rand 0.1600871563755395
rand 0.9968646851922358
rand 0.3018508677187981
rand 0.08832307388469074
rand 0.8323832223203633
rand 0.4336099235991424
rand 0.32224928234187544
rand 0.5983838608086913
rand 0.5893809039563227
rand 0.9384139776046239
rand 0.7072896751534734
rand 0.892814234663672
rand 0.5017905020702762
rand 0.9717770350334654
rand 0.5468853659470416
rand 0.5243548094202555
rand 0.08531893786086919
rand 0.5064534034132466
rand 0.5592689641590751
rand 0.2413503170310709
rand 0.17088015068286277
rand 0.8312278700700366
rand 0.021561024217467528
rand 0.6867439143830307
rand 0.1470721438193372
rand 0.8139183941316788
rand 0.114374214715111
rand 0.36470692900755153
rand 0.5031684342926295
rand 0.8663001062077278
rand 0.14483373989334147
rand 0.8796780229984238
rand 0.15306757532797488
rand 0.8721103786360285
rand 0.2590204151976714
rand 0.8266899952071987
rand 0.9865308317309736
rand 0.8361639944532449
rand 0.08235016446164511
rand 0.09831414846358433
rand 0.6574561169563153
rand 0.2070205833788592
rand 0.37596237499219787
rand 0.054453652906617966
rand 0.3828500582858232
rand 0.928033293402182
rand 0.4148050423847218
rand 0.7293565557709021
rand 0.32257312633006197
rand 0.5902985926923172
rand 0.3847055025208044
rand 0.3711582023634199
rand 0.8835910406399778
rand 0.3116378723354789
rand 0.03783984685279029
rand 0.2331953634751711
rand 0.2654617363154608
rand 0.3312097995329455
rand 0.19549872223315012
rand 0.5201916563917928
rand 0.8445356409435254
rand 0.0730426682475327
rand 0.7909014229543416
rand 0.7778042703069654
rand 0.8151949485003414
rand 0.9133325808189852
rand 0.12606037834091643
rand 0.5985961335985313
rand 0.7492707998763706
rand 0.8022709989674874
rand 0.11261980905880198
rand 0.7297913336205184
rand 0.8073831092183918
rand 0.19339648162968026
rand 0.7438987797406702
rand 0.07068665228606275
rand 0.8518764332337083
rand 0.15436493583551836
rand 0.7462965560222545
rand 0.14699575172733348
rand 0.41834258367631527
rand 0.2243486008796025
rand 0.7568534108424607
rand 0.5287565588717436
rand 0.6542026856409637
rand 0.4008108706891529
rand 0.019286962716735134
rand 0.969389748929949
rand 0.7483065441909558
rand 0.6699139982369047
rand 0.6629175834807481
rand 0.714436341904428
rand 0.6891611438430334
rand 0.45630341132685714
rand 0.48577806023059034
rand 0.41587691148256334
rand 0.012839327283249435
rand 0.598063342340549
rand 0.023843122779041215
rand 0.4781947012134009
rand 0.26477733241369106
rand 0.23142838599686
rand 0.15770570219647095
rand 0.8081027109844472
rand 0.9500419002528577
rand 0.9715228999839725
rand 0.06185698711046195
rand 0.3157195633737151
rand 0.3465359246794779
rand 0.6632517137017127
rand 0.7492288717499438
rand 0.9550404411168585
rand 0.797342959643172
rand 0.5323686227975462
rand 0.32587374338561603
rand 0.15334176849173664
rand 0.42190493278916086
rand 0.048083815286282805
rand 0.38583266853504905
rand 0.5541795358664392
rand 0.41239005631593795
rand 0.5262383683496821
rand 0.9033483305907624
rand 0.86271580922148
rand 0.8752415010620291
rand 0.5652209131065842
rand 0.9901247684709598
rand 0.2349212551079789
rand 0.007279604917916016
rand 0.009796172141716575
rand 0.6686006376812301
rand 0.6786783952682345
rand 0.659318528308499
rand 0.7032905451453404
rand 0.02481795595979186
rand 0.7284280099751925
rand 0.9897522038081845
rand 0.8328778232343836
rand 0.04168643196499011
rand 0.7459366775171248
rand 0.5071052562266154
rand 0.8837179975223153
rand 0.6613546361409812
rand 0.3858198121614429
rand 0.9890209691284357
rand 0.4412422101015361
rand 0.2747561687490989
rand 0.33726052984635957
rand 0.07390606539289912
rand 0.6770886079916159
rand 0.23240477067987197
rand 0.45580314217025375
rand 0.3471211302342785
rand 0.2119441154400472
rand 0.9233383379258764
rand 0.984861451261513
rand 0.13547267901294568
rand 0.15783536007482413
rand 0.99297475301524
rand 0.3386909369736064
rand 0.500711102346336
rand 0.6635913250422387
rand 0.6390283751985453
rand 0.30165878278743063
rand 0.9336456068227708
rand 0.1615482025691557
rand 0.018296570966709336
rand 0.7773728272693299
rand 0.6947092350872404
rand 0.38732148240917996
rand 0.5102926866913224
rand 0.9848679442169748
rand 0.44572318186705195
rand 0.0960285173199511
rand 0.16470494896491727
rand 0.7418944310986424
rand 0.9889313480453019
rand 0.46679475518190805
rand 0.5460809476771085
rand 0.24754664484387634
rand 0.04964229098141493
rand 0.6455724941011465
rand 0.9114092889415988
rand 0.8264697340882821
rand 0.026224164508950043
rand 0.7396893987770952
rand 0.025825588713275005
rand 0.44354090573950944
rand 0.3112826611166428
rand 0.865740405211761
rand 0.4348690497041292
rand 0.9359802442750569
rand 0.6349020163893708
rand 0.6744876959119892
rand 0.03353178813680335
rand 0.07144411953919927
rand 0.8383201119787285
rand 0.004120084385115241
rand 0.06959328346886418
rand 0.7522036807181236
rand 0.4460955427267661
rand 0.0020113820804879
rand 0.09385495386659426
rand 0.9101633958149056
rand 0.4927721690050828
rand 0.26350114695858085
rand 0.04451408526761025
rand 0.2977534551905574
rand 0.44119706362606115
rand 0.46590105237291746
rand 0.42271547555009126
rand 0.3137370697863946
rand 0.6377251889351594
rand 0.6261605412520386
rand 0.7906691773763557
rand 0.8363798541132426
rand 0.38032358752634887
